#
# There is insufficient memory for the Java Runtime Environment to continue.
# Native memory allocation (malloc) failed to allocate 32744 bytes for ChunkPool::allocate
# Possible reasons:
#   The system is out of physical RAM or swap space
#   The process is running with CompressedOops enabled, and the Java Heap may be blocking the growth of the native heap
# Possible solutions:
#   Reduce memory load on the system
#   Increase physical memory or swap space
#   Check if swap backing store is full
#   Decrease Java heap size (-Xmx/-Xms)
#   Decrease number of Java threads
#   Decrease Java thread stack sizes (-Xss)
#   Set larger code cache with -XX:ReservedCodeCacheSize=
#   JVM is running with Unscaled Compressed Oops mode in which the Java heap is
#     placed in the first 4GB address space. The Java Heap base address is the
#     maximum limit for the native heap growth. Please use -XX:HeapBaseMinAddress
#     to set the Java Heap base and to place the Java Heap above 4GB virtual address.
# This output file may be truncated or incomplete.
#
#  Out of Memory Error (./open/src/hotspot/share/memory/arena.cpp:79), pid=13788, tid=13204
#
# JRE version: Java(TM) SE Runtime Environment (15.0.2+7) (build 15.0.2+7-27)
# Java VM: Java HotSpot(TM) 64-Bit Server VM (15.0.2+7-27, mixed mode, sharing, tiered, compressed oops, g1 gc, windows-amd64)
# No core dump will be written. Minidumps are not enabled by default on client versions of Windows
#

---------------  S U M M A R Y ------------

Command Line: -Denv.class.path=C:\Program Files\Java\jdk-15.0.2;.; -Dapplication.home=C:\Program Files\Java\jdk-15.0.2 --add-modules=ALL-DEFAULT -Xms8m -Djdk.module.main=jdk.compiler jdk.compiler/com.sun.tools.javac.Main com/lxisoft/movie/*.java

Host: Intel(R) Core(TM) i3-10110U CPU @ 2.10GHz, 4 cores, 3G,  Windows 10 , 64 bit Build 19041 (10.0.19041.1023)
Time: Mon Jul  5 15:34:42 2021 India Standard Time elapsed time: 1.036373 seconds (0d 0h 0m 1s)

---------------  T H R E A D  ---------------

Current thread (0x00000212761c8320):  JavaThread "C2 CompilerThread0" daemon [_thread_in_native, id=13204, stack(0x0000009312f00000,0x0000009313000000)]


Current CompileTask:
C2:   1036 1473   !   4       com.sun.tools.javac.jvm.ClassReader::classSigToType (497 bytes)

Stack: [0x0000009312f00000,0x0000009313000000]
Native frames: (J=compiled Java code, j=interpreted, Vv=VM code, C=native code)
V  [jvm.dll+0x62ae9a]
V  [jvm.dll+0x7817a9]
V  [jvm.dll+0x782f03]
V  [jvm.dll+0x783563]
V  [jvm.dll+0x216325]
V  [jvm.dll+0x982cf]
V  [jvm.dll+0x980ad]
V  [jvm.dll+0x60b328]
V  [jvm.dll+0x32aa7e]
V  [jvm.dll+0x32b590]
V  [jvm.dll+0x29c803]
V  [jvm.dll+0x5f2071]
V  [jvm.dll+0xebfcc]
V  [jvm.dll+0x307b56]
V  [jvm.dll+0x647096]
V  [jvm.dll+0x6463d6]
V  [jvm.dll+0x6415a0]
V  [jvm.dll+0x63b16b]
V  [jvm.dll+0x63a797]
V  [jvm.dll+0x6385e5]
V  [jvm.dll+0x17b0cc]
V  [jvm.dll+0x27900f]
V  [jvm.dll+0x64363b]
V  [jvm.dll+0x63b16b]
V  [jvm.dll+0x63a797]
V  [jvm.dll+0x6385e5]
V  [jvm.dll+0x17b0cc]
V  [jvm.dll+0x27900f]
V  [jvm.dll+0x64363b]
V  [jvm.dll+0x63b16b]
V  [jvm.dll+0x63a797]
V  [jvm.dll+0x6385e5]
V  [jvm.dll+0x17b0cc]
V  [jvm.dll+0x27900f]
V  [jvm.dll+0x64363b]
V  [jvm.dll+0x63b16b]
V  [jvm.dll+0x63a797]
V  [jvm.dll+0x6385e5]
V  [jvm.dll+0x17b0cc]
V  [jvm.dll+0x27900f]
V  [jvm.dll+0x64363b]
V  [jvm.dll+0x63b16b]
V  [jvm.dll+0x63a797]
V  [jvm.dll+0x6385e5]
V  [jvm.dll+0x17b0cc]
V  [jvm.dll+0x27900f]
V  [jvm.dll+0x64363b]
V  [jvm.dll+0x63b16b]
V  [jvm.dll+0x63a797]
V  [jvm.dll+0x6385e5]
V  [jvm.dll+0x17b0cc]
V  [jvm.dll+0x27900f]
V  [jvm.dll+0x64363b]
V  [jvm.dll+0x63b16b]
V  [jvm.dll+0x63a797]
V  [jvm.dll+0x6385e5]
V  [jvm.dll+0x17b0cc]
V  [jvm.dll+0x27900f]
V  [jvm.dll+0x64363b]
V  [jvm.dll+0x63b16b]
V  [jvm.dll+0x63a797]
V  [jvm.dll+0x6385e5]
V  [jvm.dll+0x17b0cc]
V  [jvm.dll+0x27900f]
V  [jvm.dll+0x64363b]
V  [jvm.dll+0x63b16b]
V  [jvm.dll+0x63a797]
V  [jvm.dll+0x6385e5]
V  [jvm.dll+0x17b0cc]
V  [jvm.dll+0x1e9586]
V  [jvm.dll+0x178567]
V  [jvm.dll+0x1f9225]
V  [jvm.dll+0x1f72cc]
V  [jvm.dll+0x74495d]
V  [jvm.dll+0x73d75a]
V  [jvm.dll+0x629c56]
C  [ucrtbase.dll+0x21bb2]
C  [KERNEL32.DLL+0x17034]
C  [ntdll.dll+0x52651]


---------------  P R O C E S S  ---------------

Threads class SMR info:
_java_thread_list=0x00000212763e5700, length=11, elements={
0x0000021268ea3680, 0x0000021268f63e10, 0x0000021268f65180, 0x00000212761c0390,
0x0000021268f7d700, 0x0000021268f7e950, 0x00000212761c8320, 0x00000212761c95b0,
0x00000212761cb020, 0x00000212761bc0d0, 0x000002127642f420
}

Java Threads: ( => current thread )
  0x0000021268ea3680 JavaThread "main" [_thread_blocked, id=12756, stack(0x0000009312300000,0x0000009312400000)]
  0x0000021268f63e10 JavaThread "Reference Handler" daemon [_thread_blocked, id=6732, stack(0x0000009312a00000,0x0000009312b00000)]
  0x0000021268f65180 JavaThread "Finalizer" daemon [_thread_blocked, id=3780, stack(0x0000009312b00000,0x0000009312c00000)]
  0x00000212761c0390 JavaThread "Signal Dispatcher" daemon [_thread_blocked, id=13792, stack(0x0000009312c00000,0x0000009312d00000)]
  0x0000021268f7d700 JavaThread "Attach Listener" daemon [_thread_blocked, id=9612, stack(0x0000009312d00000,0x0000009312e00000)]
  0x0000021268f7e950 JavaThread "Service Thread" daemon [_thread_blocked, id=7324, stack(0x0000009312e00000,0x0000009312f00000)]
=>0x00000212761c8320 JavaThread "C2 CompilerThread0" daemon [_thread_in_native, id=13204, stack(0x0000009312f00000,0x0000009313000000)]
  0x00000212761c95b0 JavaThread "C1 CompilerThread0" daemon [_thread_blocked, id=484, stack(0x0000009313000000,0x0000009313100000)]
  0x00000212761cb020 JavaThread "Sweeper thread" daemon [_thread_blocked, id=3236, stack(0x0000009313100000,0x0000009313200000)]
  0x00000212761bc0d0 JavaThread "Common-Cleaner" daemon [_thread_blocked, id=10124, stack(0x0000009313200000,0x0000009313300000)]
  0x000002127642f420 JavaThread "Notification Thread" daemon [_thread_blocked, id=10540, stack(0x0000009313300000,0x0000009313400000)]

Other Threads:
  0x0000021268f5ea10 VMThread "VM Thread" [stack: 0x0000009312900000,0x0000009312a00000] [id=2724]
  0x0000021276431900 WatcherThread [stack: 0x0000009313400000,0x0000009313500000] [id=4192]
  0x0000021268ed4f40 GCTaskThread "GC Thread#0" [stack: 0x0000009312400000,0x0000009312500000] [id=14236]
  0x0000021276493680 GCTaskThread "GC Thread#1" [stack: 0x0000009313500000,0x0000009313600000] [id=3672]
  0x0000021268eded70 ConcurrentGCThread "G1 Main Marker" [stack: 0x0000009312500000,0x0000009312600000] [id=3648]
  0x0000021268ee0100 ConcurrentGCThread "G1 Conc#0" [stack: 0x0000009312600000,0x0000009312700000] [id=15292]
  0x0000021268ef8a40 ConcurrentGCThread "G1 Refine#0" [stack: 0x0000009312700000,0x0000009312800000] [id=7580]
  0x0000021268ef9640 ConcurrentGCThread "G1 Young RemSet Sampling" [stack: 0x0000009312800000,0x0000009312900000] [id=11712]

Threads with active compile tasks:
C2 CompilerThread0     1111 1473   !   4       com.sun.tools.javac.jvm.ClassReader::classSigToType (497 bytes)

VM state: not at safepoint (normal execution)

VM Mutex/Monitor currently owned by a thread: None

Heap address: 0x00000000c2800000, size: 984 MB, Compressed Oops mode: 32-bit
CDS archive(s) mapped at: [0x0000000800000000-0x0000000800b50000-0x0000000800b50000), size 11862016, SharedBaseAddress: 0x0000000800000000, ArchiveRelocationMode: 0.
Compressed class space mapped at: 0x0000000800b50000-0x0000000840b50000, size: 1073741824
Narrow klass base: 0x0000000800000000, Narrow klass shift: 3, Narrow klass range: 0x100000000

GC Precious Log:
 CPUs: 4 total, 4 available
 Memory: 3933M
 Large Page Support: Disabled
 NUMA Support: Disabled
 Compressed Oops: Enabled (32-bit)
 Heap Region Size: 1M
 Heap Min Capacity: 8M
 Heap Initial Capacity: 8M
 Heap Max Capacity: 984M
 Pre-touch: Disabled
 Parallel Workers: 4
 Concurrent Workers: 1
 Concurrent Refinement Workers: 4
 Periodic GC: Disabled

Heap:
 garbage-first heap   total 19456K, used 8397K [0x00000000c2800000, 0x0000000100000000)
  region size 1024K, 3 young (3072K), 1 survivors (1024K)
 Metaspace       used 9898K, capacity 12337K, committed 12416K, reserved 1060864K
  class space    used 1144K, capacity 1364K, committed 1408K, reserved 1048576K

Heap Regions: E=young(eden), S=young(survivor), O=old, HS=humongous(starts), HC=humongous(continues), CS=collection set, F=free, OA=open archive, CA=closed archive, TAMS=top-at-mark-start (previous, next)
|   0|0x00000000c2800000, 0x00000000c2900000, 0x00000000c2900000|100%| O|  |TAMS 0x00000000c2800000, 0x00000000c2800000| Untracked 
|   1|0x00000000c2900000, 0x00000000c2a00000, 0x00000000c2a00000|100%| O|  |TAMS 0x00000000c2900000, 0x00000000c2900000| Untracked 
|   2|0x00000000c2a00000, 0x00000000c2b00000, 0x00000000c2b00000|100%| O|  |TAMS 0x00000000c2a00000, 0x00000000c2a00000| Untracked 
|   3|0x00000000c2b00000, 0x00000000c2c00000, 0x00000000c2c00000|100%| O|  |TAMS 0x00000000c2b00000, 0x00000000c2b00000| Untracked 
|   4|0x00000000c2c00000, 0x00000000c2d00000, 0x00000000c2d00000|100%| O|  |TAMS 0x00000000c2c00000, 0x00000000c2c00000| Untracked 
|   5|0x00000000c2d00000, 0x00000000c2e00000, 0x00000000c2e00000|100%| O|  |TAMS 0x00000000c2d00000, 0x00000000c2d00000| Untracked 
|   6|0x00000000c2e00000, 0x00000000c2e33600, 0x00000000c2f00000| 20%| O|  |TAMS 0x00000000c2e00000, 0x00000000c2e00000| Untracked 
|   7|0x00000000c2f00000, 0x00000000c2f00000, 0x00000000c3000000|  0%| F|  |TAMS 0x00000000c2f00000, 0x00000000c2f00000| Untracked 
|   8|0x00000000c3000000, 0x00000000c3000000, 0x00000000c3100000|  0%| F|  |TAMS 0x00000000c3000000, 0x00000000c3000000| Untracked 
|   9|0x00000000c3100000, 0x00000000c3100000, 0x00000000c3200000|  0%| F|  |TAMS 0x00000000c3100000, 0x00000000c3100000| Untracked 
|  10|0x00000000c3200000, 0x00000000c3200000, 0x00000000c3300000|  0%| F|  |TAMS 0x00000000c3200000, 0x00000000c3200000| Untracked 
|  11|0x00000000c3300000, 0x00000000c3300000, 0x00000000c3400000|  0%| F|  |TAMS 0x00000000c3300000, 0x00000000c3300000| Untracked 
|  12|0x00000000c3400000, 0x00000000c3500000, 0x00000000c3500000|100%| S|CS|TAMS 0x00000000c3400000, 0x00000000c3400000| Complete 
|  13|0x00000000c3500000, 0x00000000c3500000, 0x00000000c3600000|  0%| F|  |TAMS 0x00000000c3500000, 0x00000000c3500000| Untracked 
|  14|0x00000000c3600000, 0x00000000c3600000, 0x00000000c3700000|  0%| F|  |TAMS 0x00000000c3600000, 0x00000000c3600000| Untracked 
|  15|0x00000000c3700000, 0x00000000c3700000, 0x00000000c3800000|  0%| F|  |TAMS 0x00000000c3700000, 0x00000000c3700000| Untracked 
|  16|0x00000000c3800000, 0x00000000c3800000, 0x00000000c3900000|  0%| F|  |TAMS 0x00000000c3800000, 0x00000000c3800000| Untracked 
|  17|0x00000000c3900000, 0x00000000c39332e0, 0x00000000c3a00000| 19%| E|  |TAMS 0x00000000c3900000, 0x00000000c3900000| Complete 
|  18|0x00000000c3a00000, 0x00000000c3b00000, 0x00000000c3b00000|100%| E|CS|TAMS 0x00000000c3a00000, 0x00000000c3a00000| Complete 

Card table byte_map: [0x00000212712d0000,0x00000212714c0000] _byte_map_base: 0x0000021270cbc000

Marking Bits (Prev, Next): (CMBitMap*) 0x0000021268ed57b0, (CMBitMap*) 0x0000021268ed57f0
 Prev Bits: [0x00000212716b0000, 0x0000021272610000)
 Next Bits: [0x0000021272610000, 0x0000021273570000)

Polling page: 0x0000021268680000

Metaspace:

Usage:
  Non-class:     10.72 MB capacity,     8.55 MB ( 80%) used,     2.16 MB ( 20%) free+waste,    11.56 KB ( <1%) overhead. 
      Class:      1.33 MB capacity,     1.12 MB ( 84%) used,   214.66 KB ( 16%) free+waste,     4.62 KB ( <1%) overhead. 
       Both:     12.05 MB capacity,     9.67 MB ( 80%) used,     2.37 MB ( 20%) free+waste,    16.19 KB ( <1%) overhead. 

Virtual space:
  Non-class space:       12.00 MB reserved,      10.75 MB ( 90%) committed 
      Class space:        1.00 GB reserved,       1.38 MB ( <1%) committed 
             Both:        1.01 GB reserved,      12.12 MB (  1%) committed 

Chunk freelists:
   Non-Class:  35.00 KB
       Class:  12.00 KB
        Both:  47.00 KB

MaxMetaspaceSize: 17179869184.00 GB
CompressedClassSpaceSize: 1.00 GB

CodeHeap 'non-profiled nmethods': size=120000Kb used=442Kb max_used=442Kb free=119557Kb
 bounds [0x0000021207ad0000, 0x0000021207d40000, 0x000002120f000000]
CodeHeap 'profiled nmethods': size=120000Kb used=2928Kb max_used=2928Kb free=117072Kb
 bounds [0x00000212005a0000, 0x0000021200880000, 0x0000021207ad0000]
CodeHeap 'non-nmethods': size=5760Kb used=1147Kb max_used=1168Kb free=4612Kb
 bounds [0x0000021200000000, 0x0000021200270000, 0x00000212005a0000]
 total_blobs=1943 nmethods=1551 adapters=304
 compilation: enabled
              stopped_count=0, restarted_count=0
 full_count=0

Compilation events (20 events):
Event: 1.004 Thread 0x00000212761c95b0 1481       3       com.sun.tools.javac.code.Types$Subst::visitClassType (83 bytes)
Event: 1.005 Thread 0x00000212761c95b0 nmethod 1481 0x0000021200842890 code [0x0000021200842c20, 0x00000212008449a8]
Event: 1.005 Thread 0x00000212761c95b0 1482       3       com.sun.tools.javac.util.Warner::clear (20 bytes)
Event: 1.005 Thread 0x00000212761c95b0 nmethod 1482 0x0000021200845290 code [0x0000021200845440, 0x00000212008456f8]
Event: 1.006 Thread 0x00000212761c95b0 1483       3       com.sun.tools.javac.comp.InferenceContext::asUndetVar (17 bytes)
Event: 1.007 Thread 0x00000212761c95b0 nmethod 1483 0x0000021200845810 code [0x00000212008459c0, 0x0000021200845b08]
Event: 1.007 Thread 0x00000212761c95b0 1484       3       com.sun.tools.javac.code.Type::isErroneous (34 bytes)
Event: 1.007 Thread 0x00000212761c95b0 nmethod 1484 0x0000021200845c10 code [0x0000021200845de0, 0x00000212008462e8]
Event: 1.007 Thread 0x00000212761c95b0 1485       3       com.sun.tools.javac.code.Types::wildLowerBound (43 bytes)
Event: 1.008 Thread 0x00000212761c95b0 nmethod 1485 0x0000021200846490 code [0x0000021200846680, 0x0000021200846d38]
Event: 1.008 Thread 0x00000212761c95b0 1486       3       com.sun.tools.javac.code.Types::cvarLowerBound (31 bytes)
Event: 1.008 Thread 0x00000212761c95b0 nmethod 1486 0x0000021200846f10 code [0x0000021200847160, 0x0000021200847da8]
Event: 1.009 Thread 0x00000212761c95b0 1487       3       com.sun.tools.javac.code.Types$12::visitType (10 bytes)
Event: 1.009 Thread 0x00000212761c95b0 nmethod 1487 0x0000021200848010 code [0x00000212008481c0, 0x0000021200848438]
Event: 1.009 Thread 0x00000212761c95b0 1488       3       com.sun.tools.javac.code.Symbol$MethodSymbol::implementation (57 bytes)
Event: 1.010 Thread 0x00000212761c95b0 nmethod 1488 0x0000021200848510 code [0x0000021200848740, 0x0000021200848fa8]
Event: 1.010 Thread 0x00000212761c95b0 1489       3       com.sun.tools.javac.code.Types::implementation (13 bytes)
Event: 1.010 Thread 0x00000212761c95b0 nmethod 1489 0x0000021200849290 code [0x0000021200849440, 0x0000021200849588]
Event: 1.010 Thread 0x00000212761c95b0 1490       3       com.sun.tools.javac.code.Types$ImplementationCache::get (159 bytes)
Event: 1.011 Thread 0x00000212761c95b0 nmethod 1490 0x0000021200849690 code [0x0000021200849980, 0x000002120084ad48]

GC Heap History (20 events):
Event: 0.528 GC heap before
{Heap before GC invocations=4 (full 0):
 garbage-first heap   total 8192K, used 3350K [0x00000000c2800000, 0x0000000100000000)
  region size 1024K, 2 young (2048K), 1 survivors (1024K)
 Metaspace       used 7857K, capacity 10854K, committed 11008K, reserved 1058816K
  class space    used 917K, capacity 1190K, committed 1280K, reserved 1048576K
}
Event: 0.530 GC heap after
{Heap after GC invocations=5 (full 0):
 garbage-first heap   total 10240K, used 2587K [0x00000000c2800000, 0x0000000100000000)
  region size 1024K, 1 young (1024K), 1 survivors (1024K)
 Metaspace       used 7857K, capacity 10854K, committed 11008K, reserved 1058816K
  class space    used 917K, capacity 1190K, committed 1280K, reserved 1048576K
}
Event: 0.593 GC heap before
{Heap before GC invocations=5 (full 0):
 garbage-first heap   total 10240K, used 4635K [0x00000000c2800000, 0x0000000100000000)
  region size 1024K, 3 young (3072K), 1 survivors (1024K)
 Metaspace       used 8195K, capacity 11099K, committed 11264K, reserved 1058816K
  class space    used 962K, capacity 1229K, committed 1280K, reserved 1048576K
}
Event: 0.597 GC heap after
{Heap after GC invocations=6 (full 0):
 garbage-first heap   total 10240K, used 3396K [0x00000000c2800000, 0x0000000100000000)
  region size 1024K, 1 young (1024K), 1 survivors (1024K)
 Metaspace       used 8195K, capacity 11099K, committed 11264K, reserved 1058816K
  class space    used 962K, capacity 1229K, committed 1280K, reserved 1048576K
}
Event: 0.609 GC heap before
{Heap before GC invocations=6 (full 0):
 garbage-first heap   total 10240K, used 5444K [0x00000000c2800000, 0x0000000100000000)
  region size 1024K, 3 young (3072K), 1 survivors (1024K)
 Metaspace       used 8226K, capacity 11099K, committed 11264K, reserved 1058816K
  class space    used 963K, capacity 1229K, committed 1280K, reserved 1048576K
}
Event: 0.612 GC heap after
{Heap after GC invocations=7 (full 0):
 garbage-first heap   total 10240K, used 3759K [0x00000000c2800000, 0x0000000100000000)
  region size 1024K, 1 young (1024K), 1 survivors (1024K)
 Metaspace       used 8226K, capacity 11099K, committed 11264K, reserved 1058816K
  class space    used 963K, capacity 1229K, committed 1280K, reserved 1048576K
}
Event: 0.643 GC heap before
{Heap before GC invocations=7 (full 0):
 garbage-first heap   total 10240K, used 4783K [0x00000000c2800000, 0x0000000100000000)
  region size 1024K, 2 young (2048K), 1 survivors (1024K)
 Metaspace       used 8296K, capacity 11099K, committed 11264K, reserved 1058816K
  class space    used 964K, capacity 1229K, committed 1280K, reserved 1048576K
}
Event: 0.644 GC heap after
{Heap after GC invocations=8 (full 0):
 garbage-first heap   total 10240K, used 3790K [0x00000000c2800000, 0x0000000100000000)
  region size 1024K, 1 young (1024K), 1 survivors (1024K)
 Metaspace       used 8296K, capacity 11099K, committed 11264K, reserved 1058816K
  class space    used 964K, capacity 1229K, committed 1280K, reserved 1048576K
}
Event: 0.684 GC heap before
{Heap before GC invocations=8 (full 0):
 garbage-first heap   total 10240K, used 5838K [0x00000000c2800000, 0x0000000100000000)
  region size 1024K, 3 young (3072K), 1 survivors (1024K)
 Metaspace       used 8445K, capacity 11169K, committed 11264K, reserved 1058816K
  class space    used 976K, capacity 1231K, committed 1280K, reserved 1048576K
}
Event: 0.686 GC heap after
{Heap after GC invocations=9 (full 0):
 garbage-first heap   total 13312K, used 4110K [0x00000000c2800000, 0x0000000100000000)
  region size 1024K, 1 young (1024K), 1 survivors (1024K)
 Metaspace       used 8445K, capacity 11169K, committed 11264K, reserved 1058816K
  class space    used 976K, capacity 1231K, committed 1280K, reserved 1048576K
}
Event: 0.698 GC heap before
{Heap before GC invocations=9 (full 0):
 garbage-first heap   total 13312K, used 7182K [0x00000000c2800000, 0x0000000100000000)
  region size 1024K, 4 young (4096K), 1 survivors (1024K)
 Metaspace       used 8449K, capacity 11233K, committed 11520K, reserved 1058816K
  class space    used 976K, capacity 1231K, committed 1280K, reserved 1048576K
}
Event: 0.700 GC heap after
{Heap after GC invocations=10 (full 0):
 garbage-first heap   total 13312K, used 4578K [0x00000000c2800000, 0x0000000100000000)
  region size 1024K, 1 young (1024K), 1 survivors (1024K)
 Metaspace       used 8449K, capacity 11233K, committed 11520K, reserved 1058816K
  class space    used 976K, capacity 1231K, committed 1280K, reserved 1048576K
}
Event: 0.733 GC heap before
{Heap before GC invocations=10 (full 0):
 garbage-first heap   total 13312K, used 7650K [0x00000000c2800000, 0x0000000100000000)
  region size 1024K, 4 young (4096K), 1 survivors (1024K)
 Metaspace       used 8616K, capacity 11335K, committed 11520K, reserved 1058816K
  class space    used 994K, capacity 1265K, committed 1280K, reserved 1048576K
}
Event: 0.736 GC heap after
{Heap after GC invocations=11 (full 0):
 garbage-first heap   total 13312K, used 4949K [0x00000000c2800000, 0x0000000100000000)
  region size 1024K, 1 young (1024K), 1 survivors (1024K)
 Metaspace       used 8616K, capacity 11335K, committed 11520K, reserved 1058816K
  class space    used 994K, capacity 1265K, committed 1280K, reserved 1048576K
}
Event: 0.750 GC heap before
{Heap before GC invocations=11 (full 0):
 garbage-first heap   total 13312K, used 8021K [0x00000000c2800000, 0x0000000100000000)
  region size 1024K, 4 young (4096K), 1 survivors (1024K)
 Metaspace       used 8623K, capacity 11335K, committed 11520K, reserved 1058816K
  class space    used 996K, capacity 1265K, committed 1280K, reserved 1048576K
}
Event: 0.753 GC heap after
{Heap after GC invocations=12 (full 0):
 garbage-first heap   total 13312K, used 5819K [0x00000000c2800000, 0x0000000100000000)
  region size 1024K, 1 young (1024K), 1 survivors (1024K)
 Metaspace       used 8623K, capacity 11335K, committed 11520K, reserved 1058816K
  class space    used 996K, capacity 1265K, committed 1280K, reserved 1048576K
}
Event: 0.783 GC heap before
{Heap before GC invocations=12 (full 0):
 garbage-first heap   total 13312K, used 8891K [0x00000000c2800000, 0x0000000100000000)
  region size 1024K, 4 young (4096K), 1 survivors (1024K)
 Metaspace       used 8731K, capacity 11399K, committed 11520K, reserved 1058816K
  class space    used 1006K, capacity 1265K, committed 1280K, reserved 1048576K
}
Event: 0.786 GC heap after
{Heap after GC invocations=13 (full 0):
 garbage-first heap   total 19456K, used 6255K [0x00000000c2800000, 0x0000000100000000)
  region size 1024K, 1 young (1024K), 1 survivors (1024K)
 Metaspace       used 8731K, capacity 11399K, committed 11520K, reserved 1058816K
  class space    used 1006K, capacity 1265K, committed 1280K, reserved 1048576K
}
Event: 0.979 GC heap before
{Heap before GC invocations=13 (full 0):
 garbage-first heap   total 19456K, used 12399K [0x00000000c2800000, 0x0000000100000000)
  region size 1024K, 7 young (7168K), 1 survivors (1024K)
 Metaspace       used 9784K, capacity 12270K, committed 12416K, reserved 1060864K
  class space    used 1137K, capacity 1363K, committed 1408K, reserved 1048576K
}
Event: 0.984 GC heap after
{Heap after GC invocations=14 (full 0):
 garbage-first heap   total 19456K, used 7373K [0x00000000c2800000, 0x0000000100000000)
  region size 1024K, 1 young (1024K), 1 survivors (1024K)
 Metaspace       used 9784K, capacity 12270K, committed 12416K, reserved 1060864K
  class space    used 1137K, capacity 1363K, committed 1408K, reserved 1048576K
}

Deoptimization events (20 events):
Event: 0.860 Thread 0x0000021268ea3680 Uncommon trap: trap_request=0xffffffbe fr.pc=0x0000021207b1becc relative=0x000000000000042c
Event: 0.860 Thread 0x0000021268ea3680 Uncommon trap: reason=profile_predicate action=maybe_recompile pc=0x0000021207b1becc method=java.lang.StringLatin1.indexOf([BI[BII)I @ 18 c2
Event: 0.860 Thread 0x0000021268ea3680 DEOPT PACKING pc=0x0000021207b1becc sp=0x00000093123fdd30
Event: 0.860 Thread 0x0000021268ea3680 DEOPT UNPACKING pc=0x000002120004e42f sp=0x00000093123fdc90 mode 2
Event: 0.894 Thread 0x0000021268ea3680 Uncommon trap: trap_request=0xffffff45 fr.pc=0x0000021207b0ec04 relative=0x0000000000000364
Event: 0.894 Thread 0x0000021268ea3680 Uncommon trap: reason=unstable_if action=reinterpret pc=0x0000021207b0ec04 method=java.lang.StringUTF16.compress([CII)[B @ 13 c2
Event: 0.894 Thread 0x0000021268ea3680 DEOPT PACKING pc=0x0000021207b0ec04 sp=0x00000093123fcf70
Event: 0.894 Thread 0x0000021268ea3680 DEOPT UNPACKING pc=0x000002120004e42f sp=0x00000093123fceb0 mode 2
Event: 0.894 Thread 0x0000021268ea3680 Uncommon trap: trap_request=0xffffff45 fr.pc=0x0000021207af1c9c relative=0x000000000000031c
Event: 0.894 Thread 0x0000021268ea3680 Uncommon trap: reason=unstable_if action=reinterpret pc=0x0000021207af1c9c method=java.lang.StringUTF16.compress([CI[BII)I @ 20 c2
Event: 0.894 Thread 0x0000021268ea3680 DEOPT PACKING pc=0x0000021207af1c9c sp=0x00000093123fce90
Event: 0.894 Thread 0x0000021268ea3680 DEOPT UNPACKING pc=0x000002120004e42f sp=0x00000093123fce10 mode 2
Event: 0.923 Thread 0x0000021268ea3680 Uncommon trap: trap_request=0xffffffbe fr.pc=0x0000021207b1becc relative=0x000000000000042c
Event: 0.923 Thread 0x0000021268ea3680 Uncommon trap: reason=profile_predicate action=maybe_recompile pc=0x0000021207b1becc method=java.lang.StringLatin1.indexOf([BI[BII)I @ 18 c2
Event: 0.923 Thread 0x0000021268ea3680 DEOPT PACKING pc=0x0000021207b1becc sp=0x00000093123fd240
Event: 0.923 Thread 0x0000021268ea3680 DEOPT UNPACKING pc=0x000002120004e42f sp=0x00000093123fd1a0 mode 2
Event: 0.959 Thread 0x0000021268ea3680 Uncommon trap: trap_request=0xffffffbe fr.pc=0x0000021207b1becc relative=0x000000000000042c
Event: 0.959 Thread 0x0000021268ea3680 Uncommon trap: reason=profile_predicate action=maybe_recompile pc=0x0000021207b1becc method=java.lang.StringLatin1.indexOf([BI[BII)I @ 18 c2
Event: 0.959 Thread 0x0000021268ea3680 DEOPT PACKING pc=0x0000021207b1becc sp=0x00000093123fca70
Event: 0.960 Thread 0x0000021268ea3680 DEOPT UNPACKING pc=0x000002120004e42f sp=0x00000093123fc9d0 mode 2

Classes unloaded (0 events):
No events

Classes redefined (0 events):
No events

Internal exceptions (20 events):
Event: 0.640 Thread 0x0000021268ea3680 Exception <a 'sun/nio/fs/WindowsException'{0x00000000c31faec0}> (0x00000000c31faec0) 
thrown [./open/src/hotspot/share/prims/jni.cpp, line 578]
Event: 0.640 Thread 0x0000021268ea3680 Exception <a 'sun/nio/fs/WindowsException'{0x00000000c31fb7e8}> (0x00000000c31fb7e8) 
thrown [./open/src/hotspot/share/prims/jni.cpp, line 578]
Event: 0.643 Thread 0x0000021268ea3680 Exception <a 'sun/nio/fs/WindowsException'{0x00000000c31feeb8}> (0x00000000c31feeb8) 
thrown [./open/src/hotspot/share/prims/jni.cpp, line 578]
Event: 0.643 Thread 0x0000021268ea3680 Exception <a 'sun/nio/fs/WindowsException'{0x00000000c31ff0c8}> (0x00000000c31ff0c8) 
thrown [./open/src/hotspot/share/prims/jni.cpp, line 578]
Event: 0.643 Thread 0x0000021268ea3680 Exception <a 'sun/nio/fs/WindowsException'{0x00000000c31ff9b0}> (0x00000000c31ff9b0) 
thrown [./open/src/hotspot/share/prims/jni.cpp, line 578]
Event: 0.649 Thread 0x0000021268ea3680 Exception <a 'java/lang/NoSuchMethodError'{0x00000000c3113f80}: 'int java.lang.invoke.DirectMethodHandle$Holder.invokeSpecial(java.lang.Object, java.lang.Object, java.lang.Object)'> (0x00000000c3113f80) 
thrown [./open/src/hotspot/share/interpreter/linkResolver.cpp, line 782]
Event: 0.650 Thread 0x0000021268ea3680 Exception <a 'sun/nio/fs/WindowsException'{0x00000000c311aa48}> (0x00000000c311aa48) 
thrown [./open/src/hotspot/share/prims/jni.cpp, line 578]
Event: 0.650 Thread 0x0000021268ea3680 Exception <a 'sun/nio/fs/WindowsException'{0x00000000c311acb0}> (0x00000000c311acb0) 
thrown [./open/src/hotspot/share/prims/jni.cpp, line 578]
Event: 0.650 Thread 0x0000021268ea3680 Exception <a 'sun/nio/fs/WindowsException'{0x00000000c311bba0}> (0x00000000c311bba0) 
thrown [./open/src/hotspot/share/prims/jni.cpp, line 578]
Event: 0.656 Thread 0x0000021268ea3680 Exception <a 'sun/nio/fs/WindowsException'{0x00000000c3128d30}> (0x00000000c3128d30) 
thrown [./open/src/hotspot/share/prims/jni.cpp, line 578]
Event: 0.656 Thread 0x0000021268ea3680 Exception <a 'sun/nio/fs/WindowsException'{0x00000000c3128fa0}> (0x00000000c3128fa0) 
thrown [./open/src/hotspot/share/prims/jni.cpp, line 578]
Event: 0.656 Thread 0x0000021268ea3680 Exception <a 'sun/nio/fs/WindowsException'{0x00000000c3129e90}> (0x00000000c3129e90) 
thrown [./open/src/hotspot/share/prims/jni.cpp, line 578]
Event: 0.659 Thread 0x0000021268ea3680 Exception <a 'sun/nio/fs/WindowsException'{0x00000000c312ea78}> (0x00000000c312ea78) 
thrown [./open/src/hotspot/share/prims/jni.cpp, line 578]
Event: 0.659 Thread 0x0000021268ea3680 Exception <a 'sun/nio/fs/WindowsException'{0x00000000c312ec88}> (0x00000000c312ec88) 
thrown [./open/src/hotspot/share/prims/jni.cpp, line 578]
Event: 0.659 Thread 0x0000021268ea3680 Exception <a 'sun/nio/fs/WindowsException'{0x00000000c312fac0}> (0x00000000c312fac0) 
thrown [./open/src/hotspot/share/prims/jni.cpp, line 578]
Event: 0.660 Thread 0x0000021268ea3680 Exception <a 'sun/nio/fs/WindowsException'{0x00000000c312fd28}> (0x00000000c312fd28) 
thrown [./open/src/hotspot/share/prims/jni.cpp, line 578]
Event: 0.670 Thread 0x0000021268ea3680 Exception <a 'java/lang/NoSuchMethodError'{0x00000000c2f46fd8}: 'java.lang.Object java.lang.invoke.DirectMethodHandle$Holder.invokeStatic(java.lang.Object, java.lang.Object, int, int)'> (0x00000000c2f46fd8) 
thrown [./open/src/hotspot/share/interpreter/linkResolver.cpp, line 782]
Event: 0.728 Thread 0x0000021268ea3680 Exception <a 'java/lang/NoSuchMethodError'{0x00000000c32e5c08}: 'java.lang.Object java.lang.invoke.DirectMethodHandle$Holder.invokeInterface(java.lang.Object, java.lang.Object)'> (0x00000000c32e5c08) 
thrown [./open/src/hotspot/share/interpreter/linkResolver.cpp, line 782]
Event: 0.868 Thread 0x0000021268ea3680 Exception <a 'java/lang/NoSuchMethodError'{0x00000000c3743970}: 'int java.lang.invoke.DirectMethodHandle$Holder.invokeStatic(java.lang.Object, java.lang.Object, java.lang.Object, java.lang.Object)'> (0x00000000c3743970) 
thrown [./open/src/hotspot/share/interpreter/linkResolver.cpp, line 782]
Event: 0.891 Thread 0x0000021268ea3680 Exception <a 'java/lang/NoSuchMethodError'{0x00000000c37bb2a8}: 'void java.lang.invoke.DirectMethodHandle$Holder.invokeVirtual(java.lang.Object, java.lang.Object)'> (0x00000000c37bb2a8) 
thrown [./open/src/hotspot/share/interpreter/linkResolver.cpp, line 782]

Events (20 events):
Event: 0.808 loading class java/util/stream/Nodes$FixedNodeBuilder
Event: 0.808 loading class java/util/stream/Node$Builder
Event: 0.808 loading class java/util/stream/Node$Builder done
Event: 0.808 loading class java/util/stream/Nodes$ArrayNode
Event: 0.809 loading class java/util/stream/Nodes$ArrayNode done
Event: 0.809 loading class java/util/stream/Nodes$FixedNodeBuilder done
Event: 0.828 loading class java/util/function/ToIntBiFunction
Event: 0.828 loading class java/util/function/ToIntBiFunction done
Event: 0.832 loading class sun/nio/fs/WindowsChannelFactory$2
Event: 0.832 loading class sun/nio/fs/WindowsChannelFactory$2 done
Event: 0.833 loading class java/nio/channels/Channels$1
Event: 0.833 loading class java/nio/channels/Channels$1 done
Event: 0.849 loading class java/text/MessageFormat
Event: 0.849 loading class java/text/MessageFormat done
Event: 0.860 loading class java/text/MessageFormat$Field
Event: 0.860 loading class java/text/MessageFormat$Field done
Event: 0.920 Executing VM operation: ICBufferFull
Event: 0.920 Executing VM operation: ICBufferFull done
Event: 0.979 Executing VM operation: G1CollectForAllocation
Event: 0.986 Executing VM operation: G1CollectForAllocation done


Dynamic libraries:
0x00007ff626640000 - 0x00007ff626648000 	C:\Program Files\Java\jdk-15.0.2\bin\javac.exe
0x00007ffd7e050000 - 0x00007ffd7e245000 	C:\WINDOWS\SYSTEM32\ntdll.dll
0x00007ffd4a360000 - 0x00007ffd4a373000 	C:\Program Files\Avast Software\Avast\aswhook.dll
0x00007ffd7c220000 - 0x00007ffd7c2dd000 	C:\WINDOWS\System32\KERNEL32.DLL
0x00007ffd7b9d0000 - 0x00007ffd7bc98000 	C:\WINDOWS\System32\KERNELBASE.dll
0x00007ffd7be50000 - 0x00007ffd7bf50000 	C:\WINDOWS\System32\ucrtbase.dll
0x00007ffd715d0000 - 0x00007ffd715e8000 	C:\Program Files\Java\jdk-15.0.2\bin\jli.dll
0x00007ffd59370000 - 0x00007ffd59389000 	C:\Program Files\Java\jdk-15.0.2\bin\VCRUNTIME140.dll
0x00007ffd7c440000 - 0x00007ffd7c4ec000 	C:\WINDOWS\System32\ADVAPI32.dll
0x00007ffd7ddc0000 - 0x00007ffd7de5e000 	C:\WINDOWS\System32\msvcrt.dll
0x00007ffd7c7d0000 - 0x00007ffd7c86b000 	C:\WINDOWS\System32\sechost.dll
0x00007ffd7d230000 - 0x00007ffd7d35b000 	C:\WINDOWS\System32\RPCRT4.dll
0x00007ffd7c4f0000 - 0x00007ffd7c690000 	C:\WINDOWS\System32\USER32.dll
0x00007ffd7bf80000 - 0x00007ffd7bfa2000 	C:\WINDOWS\System32\win32u.dll
0x00007ffd7c1f0000 - 0x00007ffd7c21a000 	C:\WINDOWS\System32\GDI32.dll
0x00007ffd62990000 - 0x00007ffd62c2a000 	C:\WINDOWS\WinSxS\amd64_microsoft.windows.common-controls_6595b64144ccf1df_6.0.19041.1052_none_60b8f8fd71f5e8cb\COMCTL32.dll
0x00007ffd7bfb0000 - 0x00007ffd7c0bb000 	C:\WINDOWS\System32\gdi32full.dll
0x00007ffd7bca0000 - 0x00007ffd7bd3d000 	C:\WINDOWS\System32\msvcp_win.dll
0x00007ffd6fe70000 - 0x00007ffd6fe7a000 	C:\WINDOWS\SYSTEM32\VERSION.dll
0x00007ffd7d3c0000 - 0x00007ffd7d3f0000 	C:\WINDOWS\System32\IMM32.DLL
0x00007ffd75950000 - 0x00007ffd7595c000 	C:\Program Files\Java\jdk-15.0.2\bin\vcruntime140_1.dll
0x00007ffd4e690000 - 0x00007ffd4e721000 	C:\Program Files\Java\jdk-15.0.2\bin\msvcp140.dll
0x00007ffd322d0000 - 0x00007ffd32e2e000 	C:\Program Files\Java\jdk-15.0.2\bin\server\jvm.dll
0x00007ffd7d170000 - 0x00007ffd7d178000 	C:\WINDOWS\System32\PSAPI.DLL
0x00007ffd5d430000 - 0x00007ffd5d457000 	C:\WINDOWS\SYSTEM32\WINMM.dll
0x00007ffd685c0000 - 0x00007ffd685c9000 	C:\WINDOWS\SYSTEM32\WSOCK32.dll
0x00007ffd7c870000 - 0x00007ffd7c8db000 	C:\WINDOWS\System32\WS2_32.dll
0x00007ffd7a060000 - 0x00007ffd7a072000 	C:\WINDOWS\SYSTEM32\kernel.appcore.dll
0x00007ffd73c50000 - 0x00007ffd73c5a000 	C:\Program Files\Java\jdk-15.0.2\bin\jimage.dll
0x00007ffd795e0000 - 0x00007ffd797c4000 	C:\WINDOWS\SYSTEM32\DBGHELP.DLL
0x00007ffd6a430000 - 0x00007ffd6a45c000 	C:\WINDOWS\SYSTEM32\dbgcore.DLL
0x00007ffd7b940000 - 0x00007ffd7b9c3000 	C:\WINDOWS\System32\bcryptPrimitives.dll
0x00007ffd58310000 - 0x00007ffd58335000 	C:\Program Files\Java\jdk-15.0.2\bin\java.dll
0x00007ffd7d680000 - 0x00007ffd7ddbf000 	C:\WINDOWS\System32\SHELL32.dll
0x00007ffd797d0000 - 0x00007ffd79f60000 	C:\WINDOWS\SYSTEM32\windows.storage.dll
0x00007ffd7c940000 - 0x00007ffd7cc95000 	C:\WINDOWS\System32\combase.dll
0x00007ffd7b190000 - 0x00007ffd7b1bc000 	C:\WINDOWS\SYSTEM32\Wldp.dll
0x00007ffd7d180000 - 0x00007ffd7d22e000 	C:\WINDOWS\System32\SHCORE.dll
0x00007ffd7d360000 - 0x00007ffd7d3b5000 	C:\WINDOWS\System32\shlwapi.dll
0x00007ffd7b6d0000 - 0x00007ffd7b6ef000 	C:\WINDOWS\SYSTEM32\profapi.dll
0x00007ffd53e60000 - 0x00007ffd53e79000 	C:\Program Files\Java\jdk-15.0.2\bin\net.dll
0x00007ffd695c0000 - 0x00007ffd696cb000 	C:\WINDOWS\SYSTEM32\WINHTTP.dll
0x00007ffd7aea0000 - 0x00007ffd7af0a000 	C:\WINDOWS\system32\mswsock.dll
0x00007ffd53b00000 - 0x00007ffd53b12000 	C:\Program Files\Java\jdk-15.0.2\bin\nio.dll

dbghelp: loaded successfully - version: 4.0.5 - missing functions: none
symbol engine: initialized successfully - sym options: 0x614 - pdb path: .;C:\Program Files\Java\jdk-15.0.2\bin;C:\WINDOWS\SYSTEM32;C:\Program Files\Avast Software\Avast;C:\WINDOWS\WinSxS\amd64_microsoft.windows.common-controls_6595b64144ccf1df_6.0.19041.1052_none_60b8f8fd71f5e8cb;C:\Program Files\Java\jdk-15.0.2\bin\server

VM Arguments:
jvm_args: -Denv.class.path=C:\Program Files\Java\jdk-15.0.2;.; -Dapplication.home=C:\Program Files\Java\jdk-15.0.2 --add-modules=ALL-DEFAULT -Xms8m -Djdk.module.main=jdk.compiler 
java_command: jdk.compiler/com.sun.tools.javac.Main com/lxisoft/movie/*.java
java_class_path (initial): <not set>
Launcher Type: SUN_STANDARD

[Global flags]
     intx CICompilerCount                          = 3                                         {product} {ergonomic}
     uint ConcGCThreads                            = 1                                         {product} {ergonomic}
     uint G1ConcRefinementThreads                  = 4                                         {product} {ergonomic}
   size_t G1HeapRegionSize                         = 1048576                                   {product} {ergonomic}
    uintx GCDrainStackTargetSize                   = 64                                        {product} {ergonomic}
   size_t InitialHeapSize                          = 8388608                                   {product} {command line}
   size_t MarkStackSize                            = 4194304                                   {product} {ergonomic}
   size_t MaxHeapSize                              = 1031798784                                {product} {ergonomic}
   size_t MaxNewSize                               = 618659840                                 {product} {ergonomic}
   size_t MinHeapDeltaBytes                        = 1048576                                   {product} {ergonomic}
   size_t MinHeapSize                              = 8388608                                   {product} {command line}
    uintx NonNMethodCodeHeapSize                   = 5832780                                {pd product} {ergonomic}
    uintx NonProfiledCodeHeapSize                  = 122912730                              {pd product} {ergonomic}
    uintx ProfiledCodeHeapSize                     = 122912730                              {pd product} {ergonomic}
    uintx ReservedCodeCacheSize                    = 251658240                              {pd product} {ergonomic}
     bool SegmentedCodeCache                       = true                                      {product} {ergonomic}
   size_t SoftMaxHeapSize                          = 1031798784                             {manageable} {ergonomic}
     bool UseCompressedClassPointers               = true                                 {lp64_product} {ergonomic}
     bool UseCompressedOops                        = true                                 {lp64_product} {ergonomic}
     bool UseG1GC                                  = true                                      {product} {ergonomic}
     bool UseLargePagesIndividualAllocation        = false                                  {pd product} {ergonomic}

Logging:
Log output configuration:
 #0: stdout all=warning uptime,level,tags
 #1: stderr all=off uptime,level,tags

Environment Variables:
CLASSPATH=C:\Program Files\Java\jdk-15.0.2;.;
PATH=C:\Program Files\Common Files\Oracle\Java\javapath;C:\Program Files (x86)\Common Files\Oracle\Java\javapath;C:\WINDOWS\system32;C:\WINDOWS;C:\WINDOWS\System32\Wbem;C:\WINDOWS\System32\WindowsPowerShell\v1.0\;C:\WINDOWS\System32\OpenSSH\;C:\Program Files\Git\cmd;C:\Users\Nisha\AppData\Local\Programs\Python\Python39\Scripts;C:\Users\Nisha\AppData\Local\Programs\Python\Python39\;C:\Users\Nisha\AppData\Local\Microsoft\WindowsApps;C:\Program Files\Java\jdk-15.0.2\bin;C:\Users\Nisha\AppData\Local\atom\bin
USERNAME=Nisha
OS=Windows_NT
PROCESSOR_IDENTIFIER=Intel64 Family 6 Model 142 Stepping 12, GenuineIntel



---------------  S Y S T E M  ---------------

OS:
 Windows 10 , 64 bit Build 19041 (10.0.19041.1023)
OS uptime: 0 days 1:46 hours

CPU: total 4 (initial active 4) (2 cores per cpu, 2 threads per core) family 6 model 142 stepping 12 microcode 0xde, cmov, cx8, fxsr, mmx, sse, sse2, sse3, ssse3, sse4.1, sse4.2, popcnt, vzeroupper, avx, avx2, aes, clmul, erms, 3dnowpref, lzcnt, ht, tsc, tscinvbit, bmi1, bmi2, adx, fma, clflush, clflushopt

Memory: 4k page, system-wide physical 3933M (348M free)
TotalPageFile size 5933M (AvailPageFile size 5M)
current process WorkingSet (physical memory assigned to process): 79M, peak: 79M
current process commit charge ("private bytes"): 110M, peak: 110M

vm_info: Java HotSpot(TM) 64-Bit Server VM (15.0.2+7-27) for windows-amd64 JRE (15.0.2+7-27), built on Dec  7 2020 20:07:01 by "mach5one" with unknown MS VC++:1925

END.
