#
# There is insufficient memory for the Java Runtime Environment to continue.
# Native memory allocation (malloc) failed to allocate 32744 bytes for ChunkPool::allocate
# Possible reasons:
#   The system is out of physical RAM or swap space
#   The process is running with CompressedOops enabled, and the Java Heap may be blocking the growth of the native heap
# Possible solutions:
#   Reduce memory load on the system
#   Increase physical memory or swap space
#   Check if swap backing store is full
#   Decrease Java heap size (-Xmx/-Xms)
#   Decrease number of Java threads
#   Decrease Java thread stack sizes (-Xss)
#   Set larger code cache with -XX:ReservedCodeCacheSize=
#   JVM is running with Unscaled Compressed Oops mode in which the Java heap is
#     placed in the first 4GB address space. The Java Heap base address is the
#     maximum limit for the native heap growth. Please use -XX:HeapBaseMinAddress
#     to set the Java Heap base and to place the Java Heap above 4GB virtual address.
# This output file may be truncated or incomplete.
#
#  Out of Memory Error (./open/src/hotspot/share/memory/arena.cpp:79), pid=7928, tid=4136
#
# JRE version: Java(TM) SE Runtime Environment (15.0.2+7) (build 15.0.2+7-27)
# Java VM: Java HotSpot(TM) 64-Bit Server VM (15.0.2+7-27, mixed mode, sharing, tiered, compressed oops, g1 gc, windows-amd64)
# No core dump will be written. Minidumps are not enabled by default on client versions of Windows
#

---------------  S U M M A R Y ------------

Command Line: -Denv.class.path=C:\Program Files\Java\jdk-15.0.2;.; -Dapplication.home=C:\Program Files\Java\jdk-15.0.2 --add-modules=ALL-DEFAULT -Xms8m -Djdk.module.main=jdk.compiler jdk.compiler/com.sun.tools.javac.Main com/lxisoft/movie/*.java

Host: Intel(R) Core(TM) i3-10110U CPU @ 2.10GHz, 4 cores, 3G,  Windows 10 , 64 bit Build 19041 (10.0.19041.1023)
Time: Mon Jul  5 15:35:08 2021 India Standard Time elapsed time: 0.062782 seconds (0d 0h 0m 0s)

---------------  T H R E A D  ---------------

Current thread (0x0000015ed0baa0a0):  JavaThread "C2 CompilerThread0" daemon [_thread_in_native, id=4136, stack(0x0000001f63700000,0x0000001f63800000)]


Current CompileTask:
C2:     62  146       4       java.util.HashMap::putVal (300 bytes)

Stack: [0x0000001f63700000,0x0000001f63800000]
Native frames: (J=compiled Java code, j=interpreted, Vv=VM code, C=native code)
V  [jvm.dll+0x62ae9a]
V  [jvm.dll+0x7817a9]
V  [jvm.dll+0x782f03]
V  [jvm.dll+0x783563]
V  [jvm.dll+0x216325]
V  [jvm.dll+0x982cf]
V  [jvm.dll+0x9861c]
V  [jvm.dll+0x5bab16]
V  [jvm.dll+0x5bc403]
V  [jvm.dll+0x5ba6de]
V  [jvm.dll+0x1ea598]
V  [jvm.dll+0x1e996e]
V  [jvm.dll+0x178567]
V  [jvm.dll+0x1f9225]
V  [jvm.dll+0x1f72cc]
V  [jvm.dll+0x74495d]
V  [jvm.dll+0x73d75a]
V  [jvm.dll+0x629c56]
C  [ucrtbase.dll+0x21bb2]
C  [KERNEL32.DLL+0x17034]
C  [ntdll.dll+0x52651]


---------------  P R O C E S S  ---------------

Threads class SMR info:
_java_thread_list=0x0000015ed0de16c0, length=11, elements={
0x0000015eb4873ad0, 0x0000015eb493c1e0, 0x0000015eb493ccb0, 0x0000015ed0ba4e20,
0x0000015ed0ba76f0, 0x0000015ed0ba7fb0, 0x0000015ed0baa0a0, 0x0000015ed0badf90,
0x0000015ed0bb6990, 0x0000015ed0b9c650, 0x0000015ed0e31530
}

Java Threads: ( => current thread )
  0x0000015eb4873ad0 JavaThread "main" [_thread_in_Java, id=12144, stack(0x0000001f62b00000,0x0000001f62c00000)]
  0x0000015eb493c1e0 JavaThread "Reference Handler" daemon [_thread_blocked, id=3132, stack(0x0000001f63200000,0x0000001f63300000)]
  0x0000015eb493ccb0 JavaThread "Finalizer" daemon [_thread_blocked, id=4392, stack(0x0000001f63300000,0x0000001f63400000)]
  0x0000015ed0ba4e20 JavaThread "Signal Dispatcher" daemon [_thread_blocked, id=11776, stack(0x0000001f63400000,0x0000001f63500000)]
  0x0000015ed0ba76f0 JavaThread "Attach Listener" daemon [_thread_blocked, id=7152, stack(0x0000001f63500000,0x0000001f63600000)]
  0x0000015ed0ba7fb0 JavaThread "Service Thread" daemon [_thread_blocked, id=5408, stack(0x0000001f63600000,0x0000001f63700000)]
=>0x0000015ed0baa0a0 JavaThread "C2 CompilerThread0" daemon [_thread_in_native, id=4136, stack(0x0000001f63700000,0x0000001f63800000)]
  0x0000015ed0badf90 JavaThread "C1 CompilerThread0" daemon [_thread_blocked, id=8032, stack(0x0000001f63800000,0x0000001f63900000)]
  0x0000015ed0bb6990 JavaThread "Sweeper thread" daemon [_thread_blocked, id=10200, stack(0x0000001f63900000,0x0000001f63a00000)]
  0x0000015ed0b9c650 JavaThread "Common-Cleaner" daemon [_thread_blocked, id=2704, stack(0x0000001f63a00000,0x0000001f63b00000)]
  0x0000015ed0e31530 JavaThread "Notification Thread" daemon [_thread_blocked, id=15024, stack(0x0000001f63b00000,0x0000001f63c00000)]

Other Threads:
  0x0000015eb4933a20 VMThread "VM Thread" [stack: 0x0000001f63100000,0x0000001f63200000] [id=9620]
  0x0000015ed0e4a9e0 WatcherThread [stack: 0x0000001f63c00000,0x0000001f63d00000] [id=13116]
  0x0000015eb48a4300 GCTaskThread "GC Thread#0" [stack: 0x0000001f62c00000,0x0000001f62d00000] [id=1744]
  0x0000015eb48ae060 ConcurrentGCThread "G1 Main Marker" [stack: 0x0000001f62d00000,0x0000001f62e00000] [id=6136]
  0x0000015eb48b04d0 ConcurrentGCThread "G1 Conc#0" [stack: 0x0000001f62e00000,0x0000001f62f00000] [id=7968]
  0x0000015eb48caf10 ConcurrentGCThread "G1 Refine#0" [stack: 0x0000001f62f00000,0x0000001f63000000] [id=1872]
  0x0000015eb48cbb10 ConcurrentGCThread "G1 Young RemSet Sampling" [stack: 0x0000001f63000000,0x0000001f63100000] [id=9096]

Threads with active compile tasks:
C2 CompilerThread0       93  146       4       java.util.HashMap::putVal (300 bytes)
C1 CompilerThread0       93  201       3       jdk.internal.jimage.ImageStringsReader::unmaskedHashCode (173 bytes)

VM state: not at safepoint (normal execution)

VM Mutex/Monitor currently owned by a thread: None

Heap address: 0x00000000c2800000, size: 984 MB, Compressed Oops mode: 32-bit
CDS archive(s) mapped at: [0x0000000800000000-0x0000000800b50000-0x0000000800b50000), size 11862016, SharedBaseAddress: 0x0000000800000000, ArchiveRelocationMode: 0.
Compressed class space mapped at: 0x0000000800b50000-0x0000000840b50000, size: 1073741824
Narrow klass base: 0x0000000800000000, Narrow klass shift: 3, Narrow klass range: 0x100000000

GC Precious Log:
 CPUs: 4 total, 4 available
 Memory: 3933M
 Large Page Support: Disabled
 NUMA Support: Disabled
 Compressed Oops: Enabled (32-bit)
 Heap Region Size: 1M
 Heap Min Capacity: 8M
 Heap Initial Capacity: 8M
 Heap Max Capacity: 984M
 Pre-touch: Disabled
 Parallel Workers: 4
 Concurrent Workers: 1
 Concurrent Refinement Workers: 4
 Periodic GC: Disabled

Heap:
 garbage-first heap   total 8192K, used 1024K [0x00000000c2800000, 0x0000000100000000)
  region size 1024K, 2 young (2048K), 0 survivors (0K)
 Metaspace       used 640K, capacity 4737K, committed 4864K, reserved 1056768K
  class space    used 61K, capacity 427K, committed 512K, reserved 1048576K

Heap Regions: E=young(eden), S=young(survivor), O=old, HS=humongous(starts), HC=humongous(continues), CS=collection set, F=free, OA=open archive, CA=closed archive, TAMS=top-at-mark-start (previous, next)
|   0|0x00000000c2800000, 0x00000000c2800000, 0x00000000c2900000|  0%| F|  |TAMS 0x00000000c2800000, 0x00000000c2800000| Untracked 
|   1|0x00000000c2900000, 0x00000000c2900000, 0x00000000c2a00000|  0%| F|  |TAMS 0x00000000c2900000, 0x00000000c2900000| Untracked 
|   2|0x00000000c2a00000, 0x00000000c2a00000, 0x00000000c2b00000|  0%| F|  |TAMS 0x00000000c2a00000, 0x00000000c2a00000| Untracked 
|   3|0x00000000c2b00000, 0x00000000c2b00000, 0x00000000c2c00000|  0%| F|  |TAMS 0x00000000c2b00000, 0x00000000c2b00000| Untracked 
|   4|0x00000000c2c00000, 0x00000000c2c00000, 0x00000000c2d00000|  0%| F|  |TAMS 0x00000000c2c00000, 0x00000000c2c00000| Untracked 
|   5|0x00000000c2d00000, 0x00000000c2d00000, 0x00000000c2e00000|  0%| F|  |TAMS 0x00000000c2d00000, 0x00000000c2d00000| Untracked 
|   6|0x00000000c2e00000, 0x00000000c2e7b900, 0x00000000c2f00000| 48%| E|  |TAMS 0x00000000c2e00000, 0x00000000c2e00000| Complete 
|   7|0x00000000c2f00000, 0x00000000c3000000, 0x00000000c3000000|100%| E|CS|TAMS 0x00000000c2f00000, 0x00000000c2f00000| Complete 

Card table byte_map: [0x0000015ecbca0000,0x0000015ecbe90000] _byte_map_base: 0x0000015ecb68c000

Marking Bits (Prev, Next): (CMBitMap*) 0x0000015eb48a4b70, (CMBitMap*) 0x0000015eb48a4bb0
 Prev Bits: [0x0000015ecc080000, 0x0000015eccfe0000)
 Next Bits: [0x0000015eccfe0000, 0x0000015ecdf40000)

Polling page: 0x0000015eb2750000

Metaspace:

Usage:
  Non-class:      4.21 MB capacity,   580.45 KB ( 13%) used,     3.64 MB ( 87%) free+waste,   704 bytes ( <1%) overhead. 
      Class:    429.00 KB capacity,    63.18 KB ( 15%) used,   365.26 KB ( 85%) free+waste,   576 bytes ( <1%) overhead. 
       Both:      4.63 MB capacity,   643.62 KB ( 14%) used,     4.00 MB ( 86%) free+waste,     1.25 KB ( <1%) overhead. 

Virtual space:
  Non-class space:        8.00 MB reserved,       4.25 MB ( 53%) committed 
      Class space:        1.00 GB reserved,     512.00 KB ( <1%) committed 
             Both:        1.01 GB reserved,       4.75 MB ( <1%) committed 

Chunk freelists:
   Non-Class:  42.00 KB
       Class:  19.00 KB
        Both:  61.00 KB

MaxMetaspaceSize: 17179869184.00 GB
CompressedClassSpaceSize: 1.00 GB

CodeHeap 'non-profiled nmethods': size=120000Kb used=56Kb max_used=56Kb free=119943Kb
 bounds [0x0000015ec4580000, 0x0000015ec47f0000, 0x0000015ecbab0000]
CodeHeap 'profiled nmethods': size=120000Kb used=219Kb max_used=219Kb free=119780Kb
 bounds [0x0000015ebd050000, 0x0000015ebd2c0000, 0x0000015ec4580000]
CodeHeap 'non-nmethods': size=5760Kb used=1100Kb max_used=1100Kb free=4659Kb
 bounds [0x0000015ebcab0000, 0x0000015ebcd20000, 0x0000015ebd050000]
 total_blobs=536 nmethods=197 adapters=252
 compilation: enabled
              stopped_count=0, restarted_count=0
 full_count=0

Compilation events (20 events):
Event: 0.055 Thread 0x0000015ed0badf90 nmethod 151 0x0000015ec458b190 code [0x0000015ec458b320, 0x0000015ec458b3d8]
Event: 0.055 Thread 0x0000015ed0badf90  152       1       java.lang.module.ModuleDescriptor::isOpen (5 bytes)
Event: 0.055 Thread 0x0000015ed0badf90 nmethod 152 0x0000015ec458b490 code [0x0000015ec458b620, 0x0000015ec458b6d8]
Event: 0.055 Thread 0x0000015ed0badf90  153       1       java.lang.module.ModuleDescriptor$Provides::service (5 bytes)
Event: 0.055 Thread 0x0000015ed0badf90 nmethod 153 0x0000015ec458b790 code [0x0000015ec458b920, 0x0000015ec458b9d8]
Event: 0.056 Thread 0x0000015ed0badf90  154       3       java.util.ImmutableCollections$MapN::probe (60 bytes)
Event: 0.056 Thread 0x0000015ed0badf90 nmethod 154 0x0000015ebd078f10 code [0x0000015ebd0790e0, 0x0000015ebd079638]
Event: 0.056 Thread 0x0000015ed0badf90  155       3       java.util.HashMap$ValueIterator::next (8 bytes)
Event: 0.056 Thread 0x0000015ed0badf90 nmethod 155 0x0000015ebd079890 code [0x0000015ebd079a40, 0x0000015ebd079b68]
Event: 0.056 Thread 0x0000015ed0badf90  156       1       java.util.HashMap::size (5 bytes)
Event: 0.056 Thread 0x0000015ed0badf90 nmethod 156 0x0000015ec458ba90 code [0x0000015ec458bc20, 0x0000015ec458bcd8]
Event: 0.056 Thread 0x0000015ed0badf90  157       1       java.util.HashMap$Node::getKey (5 bytes)
Event: 0.056 Thread 0x0000015ed0badf90 nmethod 157 0x0000015ec458bd90 code [0x0000015ec458bf20, 0x0000015ec458bfd8]
Event: 0.056 Thread 0x0000015ed0badf90  159       3       java.util.ImmutableCollections$MapN::get (35 bytes)
Event: 0.057 Thread 0x0000015ed0badf90 nmethod 159 0x0000015ebd079c10 code [0x0000015ebd079de0, 0x0000015ebd07a158]
Event: 0.057 Thread 0x0000015ed0badf90  160       1       java.util.HashMap$Node::getValue (5 bytes)
Event: 0.057 Thread 0x0000015ed0badf90 nmethod 160 0x0000015ec458c490 code [0x0000015ec458c620, 0x0000015ec458c6d8]
Event: 0.057 Thread 0x0000015ed0badf90  161       1       java.lang.Module::getDescriptor (5 bytes)
Event: 0.057 Thread 0x0000015ed0badf90 nmethod 161 0x0000015ec458c790 code [0x0000015ec458c920, 0x0000015ec458c9d8]
Event: 0.057 Thread 0x0000015ed0badf90  162       3       java.util.concurrent.ConcurrentHashMap::get (162 bytes)

GC Heap History (0 events):
No events

Deoptimization events (0 events):
No events

Classes unloaded (0 events):
No events

Classes redefined (0 events):
No events

Internal exceptions (0 events):
No events

Events (16 events):
Event: 0.006 Loaded shared library C:\Program Files\Java\jdk-15.0.2\bin\java.dll
Event: 0.013 Thread 0x0000015eb4873ad0 Thread added: 0x0000015eb4873ad0
Event: 0.015 Thread 0x0000015eb493c1e0 Thread added: 0x0000015eb493c1e0
Event: 0.015 Thread 0x0000015eb493ccb0 Thread added: 0x0000015eb493ccb0
Event: 0.022 loading class sun/nio/cs/IBM437
Event: 0.022 loading class sun/nio/cs/IBM437 done
Event: 0.023 Thread 0x0000015ed0ba4e20 Thread added: 0x0000015ed0ba4e20
Event: 0.023 Thread 0x0000015ed0ba76f0 Thread added: 0x0000015ed0ba76f0
Event: 0.023 Thread 0x0000015ed0ba7fb0 Thread added: 0x0000015ed0ba7fb0
Event: 0.023 Thread 0x0000015ed0baa0a0 Thread added: 0x0000015ed0baa0a0
Event: 0.023 Thread 0x0000015ed0badf90 Thread added: 0x0000015ed0badf90
Event: 0.024 Thread 0x0000015ed0bb6990 Thread added: 0x0000015ed0bb6990
Event: 0.038 Thread 0x0000015ed0b9c650 Thread added: 0x0000015ed0b9c650
Event: 0.046 Executing VM operation: HandshakeAllThreads
Event: 0.046 Executing VM operation: HandshakeAllThreads done
Event: 0.057 Thread 0x0000015ed0e31530 Thread added: 0x0000015ed0e31530


Dynamic libraries:
0x00007ff626640000 - 0x00007ff626648000 	C:\Program Files\Java\jdk-15.0.2\bin\javac.exe
0x00007ffd7e050000 - 0x00007ffd7e245000 	C:\WINDOWS\SYSTEM32\ntdll.dll
0x00007ffd4a360000 - 0x00007ffd4a373000 	C:\Program Files\Avast Software\Avast\aswhook.dll
0x00007ffd7c220000 - 0x00007ffd7c2dd000 	C:\WINDOWS\System32\KERNEL32.DLL
0x00007ffd7b9d0000 - 0x00007ffd7bc98000 	C:\WINDOWS\System32\KERNELBASE.dll
0x00007ffd7be50000 - 0x00007ffd7bf50000 	C:\WINDOWS\System32\ucrtbase.dll
0x00007ffd715d0000 - 0x00007ffd715e9000 	C:\Program Files\Java\jdk-15.0.2\bin\VCRUNTIME140.dll
0x00007ffd59370000 - 0x00007ffd59388000 	C:\Program Files\Java\jdk-15.0.2\bin\jli.dll
0x00007ffd7c440000 - 0x00007ffd7c4ec000 	C:\WINDOWS\System32\ADVAPI32.dll
0x00007ffd7ddc0000 - 0x00007ffd7de5e000 	C:\WINDOWS\System32\msvcrt.dll
0x00007ffd7c7d0000 - 0x00007ffd7c86b000 	C:\WINDOWS\System32\sechost.dll
0x00007ffd7d230000 - 0x00007ffd7d35b000 	C:\WINDOWS\System32\RPCRT4.dll
0x00007ffd7c4f0000 - 0x00007ffd7c690000 	C:\WINDOWS\System32\USER32.dll
0x00007ffd7bf80000 - 0x00007ffd7bfa2000 	C:\WINDOWS\System32\win32u.dll
0x00007ffd7c1f0000 - 0x00007ffd7c21a000 	C:\WINDOWS\System32\GDI32.dll
0x00007ffd62990000 - 0x00007ffd62c2a000 	C:\WINDOWS\WinSxS\amd64_microsoft.windows.common-controls_6595b64144ccf1df_6.0.19041.1052_none_60b8f8fd71f5e8cb\COMCTL32.dll
0x00007ffd7bfb0000 - 0x00007ffd7c0bb000 	C:\WINDOWS\System32\gdi32full.dll
0x00007ffd7bca0000 - 0x00007ffd7bd3d000 	C:\WINDOWS\System32\msvcp_win.dll
0x00007ffd6fe70000 - 0x00007ffd6fe7a000 	C:\WINDOWS\SYSTEM32\VERSION.dll
0x00007ffd7d3c0000 - 0x00007ffd7d3f0000 	C:\WINDOWS\System32\IMM32.DLL
0x00007ffd75950000 - 0x00007ffd7595c000 	C:\Program Files\Java\jdk-15.0.2\bin\vcruntime140_1.dll
0x00007ffd4e690000 - 0x00007ffd4e721000 	C:\Program Files\Java\jdk-15.0.2\bin\msvcp140.dll
0x00007ffd322d0000 - 0x00007ffd32e2e000 	C:\Program Files\Java\jdk-15.0.2\bin\server\jvm.dll
0x00007ffd7d170000 - 0x00007ffd7d178000 	C:\WINDOWS\System32\PSAPI.DLL
0x00007ffd5d430000 - 0x00007ffd5d457000 	C:\WINDOWS\SYSTEM32\WINMM.dll
0x00007ffd685c0000 - 0x00007ffd685c9000 	C:\WINDOWS\SYSTEM32\WSOCK32.dll
0x00007ffd7c870000 - 0x00007ffd7c8db000 	C:\WINDOWS\System32\WS2_32.dll
0x00007ffd7a060000 - 0x00007ffd7a072000 	C:\WINDOWS\SYSTEM32\kernel.appcore.dll
0x00007ffd73c50000 - 0x00007ffd73c5a000 	C:\Program Files\Java\jdk-15.0.2\bin\jimage.dll
0x00007ffd795e0000 - 0x00007ffd797c4000 	C:\WINDOWS\SYSTEM32\DBGHELP.DLL
0x00007ffd6a430000 - 0x00007ffd6a45c000 	C:\WINDOWS\SYSTEM32\dbgcore.DLL
0x00007ffd7b940000 - 0x00007ffd7b9c3000 	C:\WINDOWS\System32\bcryptPrimitives.dll
0x00007ffd58310000 - 0x00007ffd58335000 	C:\Program Files\Java\jdk-15.0.2\bin\java.dll
0x00007ffd7d680000 - 0x00007ffd7ddbf000 	C:\WINDOWS\System32\SHELL32.dll
0x00007ffd797d0000 - 0x00007ffd79f60000 	C:\WINDOWS\SYSTEM32\windows.storage.dll
0x00007ffd7c940000 - 0x00007ffd7cc95000 	C:\WINDOWS\System32\combase.dll
0x00007ffd7b190000 - 0x00007ffd7b1bc000 	C:\WINDOWS\SYSTEM32\Wldp.dll
0x00007ffd7d180000 - 0x00007ffd7d22e000 	C:\WINDOWS\System32\SHCORE.dll
0x00007ffd7d360000 - 0x00007ffd7d3b5000 	C:\WINDOWS\System32\shlwapi.dll
0x00007ffd7b6d0000 - 0x00007ffd7b6ef000 	C:\WINDOWS\SYSTEM32\profapi.dll
0x00007ffd53e60000 - 0x00007ffd53e79000 	C:\Program Files\Java\jdk-15.0.2\bin\net.dll
0x00007ffd695c0000 - 0x00007ffd696cb000 	C:\WINDOWS\SYSTEM32\WINHTTP.dll
0x00007ffd7aea0000 - 0x00007ffd7af0a000 	C:\WINDOWS\system32\mswsock.dll
0x00007ffd53b00000 - 0x00007ffd53b12000 	C:\Program Files\Java\jdk-15.0.2\bin\nio.dll

dbghelp: loaded successfully - version: 4.0.5 - missing functions: none
symbol engine: initialized successfully - sym options: 0x614 - pdb path: .;C:\Program Files\Java\jdk-15.0.2\bin;C:\WINDOWS\SYSTEM32;C:\Program Files\Avast Software\Avast;C:\WINDOWS\WinSxS\amd64_microsoft.windows.common-controls_6595b64144ccf1df_6.0.19041.1052_none_60b8f8fd71f5e8cb;C:\Program Files\Java\jdk-15.0.2\bin\server

VM Arguments:
jvm_args: -Denv.class.path=C:\Program Files\Java\jdk-15.0.2;.; -Dapplication.home=C:\Program Files\Java\jdk-15.0.2 --add-modules=ALL-DEFAULT -Xms8m -Djdk.module.main=jdk.compiler 
java_command: jdk.compiler/com.sun.tools.javac.Main com/lxisoft/movie/*.java
java_class_path (initial): <not set>
Launcher Type: SUN_STANDARD

[Global flags]
     intx CICompilerCount                          = 3                                         {product} {ergonomic}
     uint ConcGCThreads                            = 1                                         {product} {ergonomic}
     uint G1ConcRefinementThreads                  = 4                                         {product} {ergonomic}
   size_t G1HeapRegionSize                         = 1048576                                   {product} {ergonomic}
    uintx GCDrainStackTargetSize                   = 64                                        {product} {ergonomic}
   size_t InitialHeapSize                          = 8388608                                   {product} {command line}
   size_t MarkStackSize                            = 4194304                                   {product} {ergonomic}
   size_t MaxHeapSize                              = 1031798784                                {product} {ergonomic}
   size_t MaxNewSize                               = 618659840                                 {product} {ergonomic}
   size_t MinHeapDeltaBytes                        = 1048576                                   {product} {ergonomic}
   size_t MinHeapSize                              = 8388608                                   {product} {command line}
    uintx NonNMethodCodeHeapSize                   = 5832780                                {pd product} {ergonomic}
    uintx NonProfiledCodeHeapSize                  = 122912730                              {pd product} {ergonomic}
    uintx ProfiledCodeHeapSize                     = 122912730                              {pd product} {ergonomic}
    uintx ReservedCodeCacheSize                    = 251658240                              {pd product} {ergonomic}
     bool SegmentedCodeCache                       = true                                      {product} {ergonomic}
   size_t SoftMaxHeapSize                          = 1031798784                             {manageable} {ergonomic}
     bool UseCompressedClassPointers               = true                                 {lp64_product} {ergonomic}
     bool UseCompressedOops                        = true                                 {lp64_product} {ergonomic}
     bool UseG1GC                                  = true                                      {product} {ergonomic}
     bool UseLargePagesIndividualAllocation        = false                                  {pd product} {ergonomic}

Logging:
Log output configuration:
 #0: stdout all=warning uptime,level,tags
 #1: stderr all=off uptime,level,tags

Environment Variables:
CLASSPATH=C:\Program Files\Java\jdk-15.0.2;.;
PATH=C:\Program Files\Common Files\Oracle\Java\javapath;C:\Program Files (x86)\Common Files\Oracle\Java\javapath;C:\WINDOWS\system32;C:\WINDOWS;C:\WINDOWS\System32\Wbem;C:\WINDOWS\System32\WindowsPowerShell\v1.0\;C:\WINDOWS\System32\OpenSSH\;C:\Program Files\Git\cmd;C:\Users\Nisha\AppData\Local\Programs\Python\Python39\Scripts;C:\Users\Nisha\AppData\Local\Programs\Python\Python39\;C:\Users\Nisha\AppData\Local\Microsoft\WindowsApps;C:\Program Files\Java\jdk-15.0.2\bin;C:\Users\Nisha\AppData\Local\atom\bin
USERNAME=Nisha
OS=Windows_NT
PROCESSOR_IDENTIFIER=Intel64 Family 6 Model 142 Stepping 12, GenuineIntel



---------------  S Y S T E M  ---------------

OS:
 Windows 10 , 64 bit Build 19041 (10.0.19041.1023)
OS uptime: 0 days 1:46 hours

CPU: total 4 (initial active 4) (2 cores per cpu, 2 threads per core) family 6 model 142 stepping 12 microcode 0xde, cmov, cx8, fxsr, mmx, sse, sse2, sse3, ssse3, sse4.1, sse4.2, popcnt, vzeroupper, avx, avx2, aes, clmul, erms, 3dnowpref, lzcnt, ht, tsc, tscinvbit, bmi1, bmi2, adx, fma, clflush, clflushopt

Memory: 4k page, system-wide physical 3933M (393M free)
TotalPageFile size 5933M (AvailPageFile size 3M)
current process WorkingSet (physical memory assigned to process): 31M, peak: 31M
current process commit charge ("private bytes"): 81M, peak: 81M

vm_info: Java HotSpot(TM) 64-Bit Server VM (15.0.2+7-27) for windows-amd64 JRE (15.0.2+7-27), built on Dec  7 2020 20:07:01 by "mach5one" with unknown MS VC++:1925

END.
